2022-11-01 13:06:37 error: [POST] /api/places/uploadProperty ===> StatusCode:: 404, Message:: ENOENT: no such file or directory, stat '/Volumes/Projects/React/bnbyond/server/build/index.html'
2022-11-01 15:14:24 error: uncaughtException: Route.post() requires a callback function but got a [object Undefined]
Error: Route.post() requires a callback function but got a [object Undefined]
    at Route.<computed> [as post] (/Volumes/Projects/React/bnbyond/server/node_modules/express/lib/router/route.js:202:15)
    at Function.proto.<computed> [as post] (/Volumes/Projects/React/bnbyond/server/node_modules/express/lib/router/index.js:516:19)
    at module.exports (/Volumes/Projects/React/bnbyond/server/route/propertyRoute.js:15:20)
    at module.exports (/Volumes/Projects/React/bnbyond/server/route/index.js:29:27)
    at Object.<anonymous> (/Volumes/Projects/React/bnbyond/server/app.js:51:20)
    at Module._compile (node:internal/modules/cjs/loader:1103:14)
    at Object.Module._extensions..js (node:internal/modules/cjs/loader:1155:10)
    at Module.load (node:internal/modules/cjs/loader:981:32)
    at Function.Module._load (node:internal/modules/cjs/loader:822:12)
    at Module.require (node:internal/modules/cjs/loader:1005:19)
    at require (node:internal/modules/cjs/helpers:102:18)
    at Object.<anonymous> (/Volumes/Projects/React/bnbyond/server/index.js:2:13)
    at Module._compile (node:internal/modules/cjs/loader:1103:14)
    at Object.Module._extensions..js (node:internal/modules/cjs/loader:1155:10)
    at Module.load (node:internal/modules/cjs/loader:981:32)
    at Function.Module._load (node:internal/modules/cjs/loader:822:12)
2022-11-01 15:32:33 error: uncaughtException: geo near accepts just one argument when querying for a GeoJSON point. Extra field found: $maxDistance: 10.0
MongoError: geo near accepts just one argument when querying for a GeoJSON point. Extra field found: $maxDistance: 10.0
    at MessageStream.messageHandler (/Volumes/Projects/React/bnbyond/server/node_modules/mongodb/lib/cmap/connection.js:299:20)
    at MessageStream.emit (node:events:520:28)
    at processIncomingData (/Volumes/Projects/React/bnbyond/server/node_modules/mongodb/lib/cmap/message_stream.js:144:12)
    at MessageStream._write (/Volumes/Projects/React/bnbyond/server/node_modules/mongodb/lib/cmap/message_stream.js:42:5)
    at writeOrBuffer (node:internal/streams/writable:389:12)
    at _write (node:internal/streams/writable:330:10)
    at MessageStream.Writable.write (node:internal/streams/writable:334:10)
    at Socket.ondata (node:internal/streams/readable:754:22)
    at Socket.emit (node:events:520:28)
    at addChunk (node:internal/streams/readable:315:12)
    at readableAddChunk (node:internal/streams/readable:289:9)
    at Socket.Readable.push (node:internal/streams/readable:228:10)
    at TCP.onStreamRead (node:internal/stream_base_commons:190:23)
2022-11-01 15:34:01 error: uncaughtException: Arguments must be aggregate pipeline operators
Error: Arguments must be aggregate pipeline operators
    at Aggregate.append (/Volumes/Projects/React/bnbyond/server/node_modules/mongoose/lib/aggregate.js:143:11)
    at new Aggregate (/Volumes/Projects/React/bnbyond/server/node_modules/mongoose/lib/aggregate.js:57:17)
    at Function.aggregate (/Volumes/Projects/React/bnbyond/server/node_modules/mongoose/lib/model.js:4228:21)
    at getAllProperty (/Volumes/Projects/React/bnbyond/server/controllers/propertyController.js:66:30)
    at Layer.handle [as handle_request] (/Volumes/Projects/React/bnbyond/server/node_modules/express/lib/router/layer.js:95:5)
    at next (/Volumes/Projects/React/bnbyond/server/node_modules/express/lib/router/route.js:137:13)
    at Route.dispatch (/Volumes/Projects/React/bnbyond/server/node_modules/express/lib/router/route.js:112:3)
    at Layer.handle [as handle_request] (/Volumes/Projects/React/bnbyond/server/node_modules/express/lib/router/layer.js:95:5)
    at /Volumes/Projects/React/bnbyond/server/node_modules/express/lib/router/index.js:281:22
    at param (/Volumes/Projects/React/bnbyond/server/node_modules/express/lib/router/index.js:360:14)
    at param (/Volumes/Projects/React/bnbyond/server/node_modules/express/lib/router/index.js:371:14)
    at param (/Volumes/Projects/React/bnbyond/server/node_modules/express/lib/router/index.js:371:14)
    at Function.process_params (/Volumes/Projects/React/bnbyond/server/node_modules/express/lib/router/index.js:416:3)
    at next (/Volumes/Projects/React/bnbyond/server/node_modules/express/lib/router/index.js:275:10)
    at Function.handle (/Volumes/Projects/React/bnbyond/server/node_modules/express/lib/router/index.js:174:3)
    at router (/Volumes/Projects/React/bnbyond/server/node_modules/express/lib/router/index.js:47:12)
2022-11-01 15:34:19 error: uncaughtException: Arguments must be aggregate pipeline operators
Error: Arguments must be aggregate pipeline operators
    at Aggregate.append (/Volumes/Projects/React/bnbyond/server/node_modules/mongoose/lib/aggregate.js:143:11)
    at new Aggregate (/Volumes/Projects/React/bnbyond/server/node_modules/mongoose/lib/aggregate.js:57:17)
    at Function.aggregate (/Volumes/Projects/React/bnbyond/server/node_modules/mongoose/lib/model.js:4228:21)
    at getAllProperty (/Volumes/Projects/React/bnbyond/server/controllers/propertyController.js:66:30)
    at Layer.handle [as handle_request] (/Volumes/Projects/React/bnbyond/server/node_modules/express/lib/router/layer.js:95:5)
    at next (/Volumes/Projects/React/bnbyond/server/node_modules/express/lib/router/route.js:137:13)
    at Route.dispatch (/Volumes/Projects/React/bnbyond/server/node_modules/express/lib/router/route.js:112:3)
    at Layer.handle [as handle_request] (/Volumes/Projects/React/bnbyond/server/node_modules/express/lib/router/layer.js:95:5)
    at /Volumes/Projects/React/bnbyond/server/node_modules/express/lib/router/index.js:281:22
    at param (/Volumes/Projects/React/bnbyond/server/node_modules/express/lib/router/index.js:360:14)
    at param (/Volumes/Projects/React/bnbyond/server/node_modules/express/lib/router/index.js:371:14)
    at param (/Volumes/Projects/React/bnbyond/server/node_modules/express/lib/router/index.js:371:14)
    at Function.process_params (/Volumes/Projects/React/bnbyond/server/node_modules/express/lib/router/index.js:416:3)
    at next (/Volumes/Projects/React/bnbyond/server/node_modules/express/lib/router/index.js:275:10)
    at Function.handle (/Volumes/Projects/React/bnbyond/server/node_modules/express/lib/router/index.js:174:3)
    at router (/Volumes/Projects/React/bnbyond/server/node_modules/express/lib/router/index.js:47:12)
2022-11-01 15:34:38 error: uncaughtException: Arguments must be aggregate pipeline operators
Error: Arguments must be aggregate pipeline operators
    at Aggregate.append (/Volumes/Projects/React/bnbyond/server/node_modules/mongoose/lib/aggregate.js:143:11)
    at new Aggregate (/Volumes/Projects/React/bnbyond/server/node_modules/mongoose/lib/aggregate.js:57:17)
    at Function.aggregate (/Volumes/Projects/React/bnbyond/server/node_modules/mongoose/lib/model.js:4228:21)
    at getAllProperty (/Volumes/Projects/React/bnbyond/server/controllers/propertyController.js:66:30)
    at Layer.handle [as handle_request] (/Volumes/Projects/React/bnbyond/server/node_modules/express/lib/router/layer.js:95:5)
    at next (/Volumes/Projects/React/bnbyond/server/node_modules/express/lib/router/route.js:137:13)
    at Route.dispatch (/Volumes/Projects/React/bnbyond/server/node_modules/express/lib/router/route.js:112:3)
    at Layer.handle [as handle_request] (/Volumes/Projects/React/bnbyond/server/node_modules/express/lib/router/layer.js:95:5)
    at /Volumes/Projects/React/bnbyond/server/node_modules/express/lib/router/index.js:281:22
    at param (/Volumes/Projects/React/bnbyond/server/node_modules/express/lib/router/index.js:360:14)
    at param (/Volumes/Projects/React/bnbyond/server/node_modules/express/lib/router/index.js:371:14)
    at param (/Volumes/Projects/React/bnbyond/server/node_modules/express/lib/router/index.js:371:14)
    at Function.process_params (/Volumes/Projects/React/bnbyond/server/node_modules/express/lib/router/index.js:416:3)
    at next (/Volumes/Projects/React/bnbyond/server/node_modules/express/lib/router/index.js:275:10)
    at Function.handle (/Volumes/Projects/React/bnbyond/server/node_modules/express/lib/router/index.js:174:3)
    at router (/Volumes/Projects/React/bnbyond/server/node_modules/express/lib/router/index.js:47:12)
2022-11-01 15:36:57 error: [GET] /api/property/getAllProperty/0/0/0 ===> StatusCode:: 404, Message:: ENOENT: no such file or directory, stat '/Volumes/Projects/React/bnbyond/server/build/index.html'
2022-11-01 15:36:58 error: [GET] /api/property/getAllProperty/0/0/0 ===> StatusCode:: 404, Message:: ENOENT: no such file or directory, stat '/Volumes/Projects/React/bnbyond/server/build/index.html'
2022-11-01 15:42:44 error: [GET] /api/property/getAllProperty/6360c8e1e24dbd0bedb37ad2 ===> StatusCode:: 404, Message:: ENOENT: no such file or directory, stat '/Volumes/Projects/React/bnbyond/server/build/index.html'
