2022-11-29 17:42:47 error: uncaughtException: Route.get() requires a callback function but got a [object Undefined]
Error: Route.get() requires a callback function but got a [object Undefined]
    at Route.<computed> [as get] (G:\react projects\bnbyond\server\node_modules\express\lib\router\route.js:202:15)
    at Function.proto.<computed> [as get] (G:\react projects\bnbyond\server\node_modules\express\lib\router\index.js:516:19)
    at module.exports (G:\react projects\bnbyond\server\route\admin.js:15:15)
    at module.exports (G:\react projects\bnbyond\server\route\index.js:34:24)
    at Object.<anonymous> (G:\react projects\bnbyond\server\app.js:51:20)
    at Module._compile (internal/modules/cjs/loader.js:1072:14)
    at Object.Module._extensions..js (internal/modules/cjs/loader.js:1101:10)
    at Module.load (internal/modules/cjs/loader.js:937:32)
    at Function.Module._load (internal/modules/cjs/loader.js:778:12)
    at Module.require (internal/modules/cjs/loader.js:961:19)
    at require (internal/modules/cjs/helpers.js:92:18)
    at Object.<anonymous> (G:\react projects\bnbyond\server\index.js:2:13)
    at Module._compile (internal/modules/cjs/loader.js:1072:14)
    at Object.Module._extensions..js (internal/modules/cjs/loader.js:1101:10)
    at Module.load (internal/modules/cjs/loader.js:937:32)
    at Function.Module._load (internal/modules/cjs/loader.js:778:12)
2022-11-29 17:50:19 error: uncaughtException: Route.get() requires a callback function but got a [object Undefined]
Error: Route.get() requires a callback function but got a [object Undefined]
    at Route.<computed> [as get] (G:\react projects\bnbyond\server\node_modules\express\lib\router\route.js:202:15)
    at Function.proto.<computed> [as get] (G:\react projects\bnbyond\server\node_modules\express\lib\router\index.js:516:19)
    at module.exports (G:\react projects\bnbyond\server\route\admin.js:15:15)
    at module.exports (G:\react projects\bnbyond\server\route\index.js:34:24)
    at Object.<anonymous> (G:\react projects\bnbyond\server\app.js:51:20)
    at Module._compile (internal/modules/cjs/loader.js:1072:14)
    at Object.Module._extensions..js (internal/modules/cjs/loader.js:1101:10)
    at Module.load (internal/modules/cjs/loader.js:937:32)
    at Function.Module._load (internal/modules/cjs/loader.js:778:12)
    at Module.require (internal/modules/cjs/loader.js:961:19)
    at require (internal/modules/cjs/helpers.js:92:18)
    at Object.<anonymous> (G:\react projects\bnbyond\server\index.js:2:13)
    at Module._compile (internal/modules/cjs/loader.js:1072:14)
    at Object.Module._extensions..js (internal/modules/cjs/loader.js:1101:10)
    at Module.load (internal/modules/cjs/loader.js:937:32)
    at Function.Module._load (internal/modules/cjs/loader.js:778:12)
